/bin/ash
/bin/awk
/bin/busybox
/bin/cat
/bin/chmod
/bin/chown
/bin/cp
/bin/cut
/bin/date
/bin/df
/bin/dmesg
/bin/du
/bin/echo
/bin/ed
/bin/find
/bin/free
/bin/grep
/bin/gunzip
/bin/gzip
/bin/head
/bin/hostname
/bin/ifconfig
/bin/insmod
/bin/ip
/bin/kill
/bin/less
/bin/ln
/bin/ls
/bin/lsmod
/bin/mkdir
/bin/modprobe
/bin/more
/bin/mount
/bin/mv
/bin/ping
/bin/ps
/bin/pwd
/bin/rm
/bin/rmmod
/bin/route
/bin/sed
/bin/sh
/bin/sleep
/bin/sync
/bin/tail
/bin/tar
/bin/top
/bin/umount
/bin/uname
/bin/vi
/bin/which
/bin/xargs
/etc/profile
/init/config/init_config_modules.list
/init/config/init_config_services_logger.service
/init/config/init_config_services_network.service
/init/config/init_config_services_sshd.service
/init/scripts/init_scripts_shutdown.sh
/init/scripts/init_scripts_start_network.sh
/sbin/init
/usr/bin/fpkg
